<?xml version="1.0" encoding="UTF-8"?>
<testng-results total="1" passed="1" failed="0" skipped="0">
  <reporter-output>
  </reporter-output>
  <suite started-at="2021-02-07T14:46:28Z" name="Surefire suite" finished-at="2021-02-07T14:46:28Z" duration-ms="58">
    <groups>
    </groups>
    <test started-at="2021-02-07T14:46:28Z" name="Surefire test" finished-at="2021-02-07T14:46:28Z" duration-ms="58">
      <class name="Academy.AppTest">
        <test-method signature="testApp()[pri:0, instance:testApp(Academy.AppTest)]" started-at="2021-02-07T20:16:28Z" name="testApp" finished-at="2021-02-07T20:16:28Z" duration-ms="23" status="PASS">
          <reporter-output>
          </reporter-output>
        </test-method> <!-- testApp -->
      </class> <!-- Academy.AppTest -->
    </test> <!-- Surefire test -->
  </suite> <!-- Surefire suite -->
</testng-results>
